[ 2019-03-16T10:11:38+08:00 ] 127.0.0.1 /
INFO: [ app_begin ] --START--
INFO: Run Behavior\ReadHtmlCacheBehavior [ RunTime:0.000000s ]
INFO: Run Behavior\CheckLangBehavior [ RunTime:0.002001s ]
INFO: Run Common\Behavior\UrldecodeGetBehavior [ RunTime:0.001000s ]
INFO: [ app_begin ] --END-- [ RunTime:0.004001s ]
SQL: SHOW COLUMNS FROM `jz_options` [ RunTime:0.0210s ]
SQL: SELECT * FROM `jz_options` WHERE ( option_name='site_options' ) LIMIT 1   [ RunTime:0.0000s ]
NOTIC: [8] Undefined index: uid D:\phpStudy\PHPTutorial\WWW\test\application\Common\Controller\HomebaseController.class.php 第 20 行.
SQL: SELECT `option_value` FROM `jz_options` WHERE `option_name` = 'extract' LIMIT 1   [ RunTime:0.0010s ]
NOTIC: [8] Undefined index: token D:\phpStudy\PHPTutorial\WWW\test\application\Common\Controller\HomebaseController.class.php 第 23 行.
NOTIC: [8] Undefined index: uid D:\phpStudy\PHPTutorial\WWW\test\application\Common\Controller\HomebaseController.class.php 第 35 行.
NOTIC: [8] Undefined index: code D:\phpStudy\PHPTutorial\WWW\test\application\Common\Controller\HomebaseController.class.php 第 35 行.
NOTIC: [8] Undefined index: xianliao_sign D:\phpStudy\PHPTutorial\WWW\test\application\Common\Controller\HomebaseController.class.php 第 36 行.
NOTIC: [8] Undefined index: xianliao_appid D:\phpStudy\PHPTutorial\WWW\test\application\Common\Controller\HomebaseController.class.php 第 37 行.

[ 2019-03-16T10:14:34+08:00 ] 127.0.0.1 /
INFO: [ app_begin ] --START--
INFO: Run Behavior\ReadHtmlCacheBehavior [ RunTime:0.001000s ]
INFO: Run Behavior\CheckLangBehavior [ RunTime:0.001000s ]
INFO: Run Common\Behavior\UrldecodeGetBehavior [ RunTime:0.001000s ]
INFO: [ app_begin ] --END-- [ RunTime:0.003000s ]
NOTIC: [8] Undefined index: uid D:\phpStudy\PHPTutorial\WWW\test\application\Common\Controller\HomebaseController.class.php 第 20 行.
SQL: SHOW COLUMNS FROM `jz_options` [ RunTime:0.0090s ]
SQL: SELECT `option_value` FROM `jz_options` WHERE `option_name` = 'extract' LIMIT 1   [ RunTime:0.0000s ]
NOTIC: [8] Undefined index: token D:\phpStudy\PHPTutorial\WWW\test\application\Common\Controller\HomebaseController.class.php 第 23 行.
NOTIC: [8] Undefined index: uid D:\phpStudy\PHPTutorial\WWW\test\application\Common\Controller\HomebaseController.class.php 第 85 行.
NOTIC: [8] Undefined index: code D:\phpStudy\PHPTutorial\WWW\test\application\Common\Controller\HomebaseController.class.php 第 85 行.

